C:\WORK\YAM2D_TEST\TUTORIALS\4_TMXMAPLOADING\BUILD\WIN32_VS10\DEBUG\4_TMXMAPLOADING.EXE
C:\WORK\YAM2D_TEST\TUTORIALS\4_TMXMAPLOADING\BUILD\WIN32_VS10\DEBUG\4_TMXMAPLOADING.EXE.EMBED.MANIFEST
C:\WORK\YAM2D_TEST\TUTORIALS\4_TMXMAPLOADING\BUILD\WIN32_VS10\DEBUG\4_TMXMAPLOADING.EXE.EMBED.MANIFEST.RES
C:\WORK\YAM2D_TEST\TUTORIALS\4_TMXMAPLOADING\BUILD\WIN32_VS10\DEBUG\4_TMXMAPLOADING.EXE.INTERMEDIATE.MANIFEST
C:\WORK\YAM2D_TEST\TUTORIALS\4_TMXMAPLOADING\BUILD\WIN32_VS10\DEBUG\4_TMXMAPLOADING.ILK
C:\WORK\YAM2D_TEST\TUTORIALS\4_TMXMAPLOADING\BUILD\WIN32_VS10\DEBUG\4_TMXMAPLOADING.PDB
C:\work\yam2d_test\Tutorials\4_TmxMapLoading\build\win32_vs10\Debug\4_TmxMapLoading.write.1.tlog
C:\work\yam2d_test\Tutorials\4_TmxMapLoading\build\win32_vs10\Debug\4_TmxMapLoading_manifest.rc
C:\work\yam2d_test\Tutorials\4_TmxMapLoading\build\win32_vs10\Debug\cl.command.1.tlog
C:\work\yam2d_test\Tutorials\4_TmxMapLoading\build\win32_vs10\Debug\CL.read.1.tlog
C:\work\yam2d_test\Tutorials\4_TmxMapLoading\build\win32_vs10\Debug\CL.write.1.tlog
C:\work\yam2d_test\Tutorials\4_TmxMapLoading\build\win32_vs10\Debug\link.10060.read.1.tlog
C:\work\yam2d_test\Tutorials\4_TmxMapLoading\build\win32_vs10\Debug\link.10060.write.1.tlog
C:\work\yam2d_test\Tutorials\4_TmxMapLoading\build\win32_vs10\Debug\link.10060-cvtres.read.1.tlog
C:\work\yam2d_test\Tutorials\4_TmxMapLoading\build\win32_vs10\Debug\link.10060-cvtres.write.1.tlog
C:\work\yam2d_test\Tutorials\4_TmxMapLoading\build\win32_vs10\Debug\link.10096.read.1.tlog
C:\work\yam2d_test\Tutorials\4_TmxMapLoading\build\win32_vs10\Debug\link.10096.write.1.tlog
C:\work\yam2d_test\Tutorials\4_TmxMapLoading\build\win32_vs10\Debug\link.10096-cvtres.read.1.tlog
C:\work\yam2d_test\Tutorials\4_TmxMapLoading\build\win32_vs10\Debug\link.10096-cvtres.write.1.tlog
C:\work\yam2d_test\Tutorials\4_TmxMapLoading\build\win32_vs10\Debug\link.10440.read.1.tlog
C:\work\yam2d_test\Tutorials\4_TmxMapLoading\build\win32_vs10\Debug\link.10440.write.1.tlog
C:\work\yam2d_test\Tutorials\4_TmxMapLoading\build\win32_vs10\Debug\link.10440-cvtres.read.1.tlog
C:\work\yam2d_test\Tutorials\4_TmxMapLoading\build\win32_vs10\Debug\link.10440-cvtres.write.1.tlog
C:\work\yam2d_test\Tutorials\4_TmxMapLoading\build\win32_vs10\Debug\link.10676.read.1.tlog
C:\work\yam2d_test\Tutorials\4_TmxMapLoading\build\win32_vs10\Debug\link.10676.write.1.tlog
C:\work\yam2d_test\Tutorials\4_TmxMapLoading\build\win32_vs10\Debug\link.10676-cvtres.read.1.tlog
C:\work\yam2d_test\Tutorials\4_TmxMapLoading\build\win32_vs10\Debug\link.10676-cvtres.write.1.tlog
C:\work\yam2d_test\Tutorials\4_TmxMapLoading\build\win32_vs10\Debug\link.10728.read.1.tlog
C:\work\yam2d_test\Tutorials\4_TmxMapLoading\build\win32_vs10\Debug\link.10728.write.1.tlog
C:\work\yam2d_test\Tutorials\4_TmxMapLoading\build\win32_vs10\Debug\link.10728-cvtres.read.1.tlog
C:\work\yam2d_test\Tutorials\4_TmxMapLoading\build\win32_vs10\Debug\link.10728-cvtres.write.1.tlog
C:\work\yam2d_test\Tutorials\4_TmxMapLoading\build\win32_vs10\Debug\link.10772.read.1.tlog
C:\work\yam2d_test\Tutorials\4_TmxMapLoading\build\win32_vs10\Debug\link.10772.write.1.tlog
C:\work\yam2d_test\Tutorials\4_TmxMapLoading\build\win32_vs10\Debug\link.10772-cvtres.read.1.tlog
C:\work\yam2d_test\Tutorials\4_TmxMapLoading\build\win32_vs10\Debug\link.10772-cvtres.write.1.tlog
C:\work\yam2d_test\Tutorials\4_TmxMapLoading\build\win32_vs10\Debug\link.10820.read.1.tlog
C:\work\yam2d_test\Tutorials\4_TmxMapLoading\build\win32_vs10\Debug\link.10820.write.1.tlog
C:\work\yam2d_test\Tutorials\4_TmxMapLoading\build\win32_vs10\Debug\link.10820-cvtres.read.1.tlog
C:\work\yam2d_test\Tutorials\4_TmxMapLoading\build\win32_vs10\Debug\link.10820-cvtres.write.1.tlog
C:\work\yam2d_test\Tutorials\4_TmxMapLoading\build\win32_vs10\Debug\link.10944.read.1.tlog
C:\work\yam2d_test\Tutorials\4_TmxMapLoading\build\win32_vs10\Debug\link.10944.write.1.tlog
C:\work\yam2d_test\Tutorials\4_TmxMapLoading\build\win32_vs10\Debug\link.10944-cvtres.read.1.tlog
C:\work\yam2d_test\Tutorials\4_TmxMapLoading\build\win32_vs10\Debug\link.10944-cvtres.write.1.tlog
C:\work\yam2d_test\Tutorials\4_TmxMapLoading\build\win32_vs10\Debug\link.11000.read.1.tlog
C:\work\yam2d_test\Tutorials\4_TmxMapLoading\build\win32_vs10\Debug\link.11000.write.1.tlog
C:\work\yam2d_test\Tutorials\4_TmxMapLoading\build\win32_vs10\Debug\link.11000-cvtres.read.1.tlog
C:\work\yam2d_test\Tutorials\4_TmxMapLoading\build\win32_vs10\Debug\link.11000-cvtres.write.1.tlog
C:\work\yam2d_test\Tutorials\4_TmxMapLoading\build\win32_vs10\Debug\link.11004.read.1.tlog
C:\work\yam2d_test\Tutorials\4_TmxMapLoading\build\win32_vs10\Debug\link.11004.write.1.tlog
C:\work\yam2d_test\Tutorials\4_TmxMapLoading\build\win32_vs10\Debug\link.11004-cvtres.read.1.tlog
C:\work\yam2d_test\Tutorials\4_TmxMapLoading\build\win32_vs10\Debug\link.11004-cvtres.write.1.tlog
C:\work\yam2d_test\Tutorials\4_TmxMapLoading\build\win32_vs10\Debug\link.11096.read.1.tlog
C:\work\yam2d_test\Tutorials\4_TmxMapLoading\build\win32_vs10\Debug\link.11096.write.1.tlog
C:\work\yam2d_test\Tutorials\4_TmxMapLoading\build\win32_vs10\Debug\link.11096-cvtres.read.1.tlog
C:\work\yam2d_test\Tutorials\4_TmxMapLoading\build\win32_vs10\Debug\link.11096-cvtres.write.1.tlog
C:\work\yam2d_test\Tutorials\4_TmxMapLoading\build\win32_vs10\Debug\link.1412.read.1.tlog
C:\work\yam2d_test\Tutorials\4_TmxMapLoading\build\win32_vs10\Debug\link.1412.write.1.tlog
C:\work\yam2d_test\Tutorials\4_TmxMapLoading\build\win32_vs10\Debug\link.1412-cvtres.read.1.tlog
C:\work\yam2d_test\Tutorials\4_TmxMapLoading\build\win32_vs10\Debug\link.1412-cvtres.write.1.tlog
C:\work\yam2d_test\Tutorials\4_TmxMapLoading\build\win32_vs10\Debug\link.3272.read.1.tlog
C:\work\yam2d_test\Tutorials\4_TmxMapLoading\build\win32_vs10\Debug\link.3272.write.1.tlog
C:\work\yam2d_test\Tutorials\4_TmxMapLoading\build\win32_vs10\Debug\link.3272-cvtres.read.1.tlog
C:\work\yam2d_test\Tutorials\4_TmxMapLoading\build\win32_vs10\Debug\link.3272-cvtres.write.1.tlog
C:\work\yam2d_test\Tutorials\4_TmxMapLoading\build\win32_vs10\Debug\link.3360.read.1.tlog
C:\work\yam2d_test\Tutorials\4_TmxMapLoading\build\win32_vs10\Debug\link.3360.write.1.tlog
C:\work\yam2d_test\Tutorials\4_TmxMapLoading\build\win32_vs10\Debug\link.3360-cvtres.read.1.tlog
C:\work\yam2d_test\Tutorials\4_TmxMapLoading\build\win32_vs10\Debug\link.3360-cvtres.write.1.tlog
C:\work\yam2d_test\Tutorials\4_TmxMapLoading\build\win32_vs10\Debug\link.3588.read.1.tlog
C:\work\yam2d_test\Tutorials\4_TmxMapLoading\build\win32_vs10\Debug\link.3588.write.1.tlog
C:\work\yam2d_test\Tutorials\4_TmxMapLoading\build\win32_vs10\Debug\link.3588-cvtres.read.1.tlog
C:\work\yam2d_test\Tutorials\4_TmxMapLoading\build\win32_vs10\Debug\link.3588-cvtres.write.1.tlog
C:\work\yam2d_test\Tutorials\4_TmxMapLoading\build\win32_vs10\Debug\link.3948.read.1.tlog
C:\work\yam2d_test\Tutorials\4_TmxMapLoading\build\win32_vs10\Debug\link.3948.write.1.tlog
C:\work\yam2d_test\Tutorials\4_TmxMapLoading\build\win32_vs10\Debug\link.3948-cvtres.read.1.tlog
C:\work\yam2d_test\Tutorials\4_TmxMapLoading\build\win32_vs10\Debug\link.3948-cvtres.write.1.tlog
C:\work\yam2d_test\Tutorials\4_TmxMapLoading\build\win32_vs10\Debug\link.5360.read.1.tlog
C:\work\yam2d_test\Tutorials\4_TmxMapLoading\build\win32_vs10\Debug\link.5360.write.1.tlog
C:\work\yam2d_test\Tutorials\4_TmxMapLoading\build\win32_vs10\Debug\link.5360-cvtres.read.1.tlog
C:\work\yam2d_test\Tutorials\4_TmxMapLoading\build\win32_vs10\Debug\link.5360-cvtres.write.1.tlog
C:\work\yam2d_test\Tutorials\4_TmxMapLoading\build\win32_vs10\Debug\link.5584.read.1.tlog
C:\work\yam2d_test\Tutorials\4_TmxMapLoading\build\win32_vs10\Debug\link.5584.write.1.tlog
C:\work\yam2d_test\Tutorials\4_TmxMapLoading\build\win32_vs10\Debug\link.5584-cvtres.read.1.tlog
C:\work\yam2d_test\Tutorials\4_TmxMapLoading\build\win32_vs10\Debug\link.5584-cvtres.write.1.tlog
C:\work\yam2d_test\Tutorials\4_TmxMapLoading\build\win32_vs10\Debug\link.6068.read.1.tlog
C:\work\yam2d_test\Tutorials\4_TmxMapLoading\build\win32_vs10\Debug\link.6068.write.1.tlog
C:\work\yam2d_test\Tutorials\4_TmxMapLoading\build\win32_vs10\Debug\link.6068-cvtres.read.1.tlog
C:\work\yam2d_test\Tutorials\4_TmxMapLoading\build\win32_vs10\Debug\link.6068-cvtres.write.1.tlog
C:\work\yam2d_test\Tutorials\4_TmxMapLoading\build\win32_vs10\Debug\link.6140.read.1.tlog
C:\work\yam2d_test\Tutorials\4_TmxMapLoading\build\win32_vs10\Debug\link.6140.write.1.tlog
C:\work\yam2d_test\Tutorials\4_TmxMapLoading\build\win32_vs10\Debug\link.6140-cvtres.read.1.tlog
C:\work\yam2d_test\Tutorials\4_TmxMapLoading\build\win32_vs10\Debug\link.6140-cvtres.write.1.tlog
C:\work\yam2d_test\Tutorials\4_TmxMapLoading\build\win32_vs10\Debug\link.6216.read.1.tlog
C:\work\yam2d_test\Tutorials\4_TmxMapLoading\build\win32_vs10\Debug\link.6216.write.1.tlog
C:\work\yam2d_test\Tutorials\4_TmxMapLoading\build\win32_vs10\Debug\link.6216-cvtres.read.1.tlog
C:\work\yam2d_test\Tutorials\4_TmxMapLoading\build\win32_vs10\Debug\link.6216-cvtres.write.1.tlog
C:\work\yam2d_test\Tutorials\4_TmxMapLoading\build\win32_vs10\Debug\link.6276.read.1.tlog
C:\work\yam2d_test\Tutorials\4_TmxMapLoading\build\win32_vs10\Debug\link.6276.write.1.tlog
C:\work\yam2d_test\Tutorials\4_TmxMapLoading\build\win32_vs10\Debug\link.6276-cvtres.read.1.tlog
C:\work\yam2d_test\Tutorials\4_TmxMapLoading\build\win32_vs10\Debug\link.6276-cvtres.write.1.tlog
C:\work\yam2d_test\Tutorials\4_TmxMapLoading\build\win32_vs10\Debug\link.6400.read.1.tlog
C:\work\yam2d_test\Tutorials\4_TmxMapLoading\build\win32_vs10\Debug\link.6400.write.1.tlog
C:\work\yam2d_test\Tutorials\4_TmxMapLoading\build\win32_vs10\Debug\link.6400-cvtres.read.1.tlog
C:\work\yam2d_test\Tutorials\4_TmxMapLoading\build\win32_vs10\Debug\link.6400-cvtres.write.1.tlog
C:\work\yam2d_test\Tutorials\4_TmxMapLoading\build\win32_vs10\Debug\link.6556.read.1.tlog
C:\work\yam2d_test\Tutorials\4_TmxMapLoading\build\win32_vs10\Debug\link.6556.write.1.tlog
C:\work\yam2d_test\Tutorials\4_TmxMapLoading\build\win32_vs10\Debug\link.6556-cvtres.read.1.tlog
C:\work\yam2d_test\Tutorials\4_TmxMapLoading\build\win32_vs10\Debug\link.6556-cvtres.write.1.tlog
C:\work\yam2d_test\Tutorials\4_TmxMapLoading\build\win32_vs10\Debug\link.6620.read.1.tlog
C:\work\yam2d_test\Tutorials\4_TmxMapLoading\build\win32_vs10\Debug\link.6620.write.1.tlog
C:\work\yam2d_test\Tutorials\4_TmxMapLoading\build\win32_vs10\Debug\link.6620-cvtres.read.1.tlog
C:\work\yam2d_test\Tutorials\4_TmxMapLoading\build\win32_vs10\Debug\link.6620-cvtres.write.1.tlog
C:\work\yam2d_test\Tutorials\4_TmxMapLoading\build\win32_vs10\Debug\link.7048.read.1.tlog
C:\work\yam2d_test\Tutorials\4_TmxMapLoading\build\win32_vs10\Debug\link.7048.write.1.tlog
C:\work\yam2d_test\Tutorials\4_TmxMapLoading\build\win32_vs10\Debug\link.7048-cvtres.read.1.tlog
C:\work\yam2d_test\Tutorials\4_TmxMapLoading\build\win32_vs10\Debug\link.7048-cvtres.write.1.tlog
C:\work\yam2d_test\Tutorials\4_TmxMapLoading\build\win32_vs10\Debug\link.7104.read.1.tlog
C:\work\yam2d_test\Tutorials\4_TmxMapLoading\build\win32_vs10\Debug\link.7104.write.1.tlog
C:\work\yam2d_test\Tutorials\4_TmxMapLoading\build\win32_vs10\Debug\link.7104-cvtres.read.1.tlog
C:\work\yam2d_test\Tutorials\4_TmxMapLoading\build\win32_vs10\Debug\link.7104-cvtres.write.1.tlog
C:\work\yam2d_test\Tutorials\4_TmxMapLoading\build\win32_vs10\Debug\link.7216.read.1.tlog
C:\work\yam2d_test\Tutorials\4_TmxMapLoading\build\win32_vs10\Debug\link.7216.write.1.tlog
C:\work\yam2d_test\Tutorials\4_TmxMapLoading\build\win32_vs10\Debug\link.7216-cvtres.read.1.tlog
C:\work\yam2d_test\Tutorials\4_TmxMapLoading\build\win32_vs10\Debug\link.7216-cvtres.write.1.tlog
C:\work\yam2d_test\Tutorials\4_TmxMapLoading\build\win32_vs10\Debug\link.7508.read.1.tlog
C:\work\yam2d_test\Tutorials\4_TmxMapLoading\build\win32_vs10\Debug\link.7508.write.1.tlog
C:\work\yam2d_test\Tutorials\4_TmxMapLoading\build\win32_vs10\Debug\link.7508-cvtres.read.1.tlog
C:\work\yam2d_test\Tutorials\4_TmxMapLoading\build\win32_vs10\Debug\link.7508-cvtres.write.1.tlog
C:\work\yam2d_test\Tutorials\4_TmxMapLoading\build\win32_vs10\Debug\link.7544.read.1.tlog
C:\work\yam2d_test\Tutorials\4_TmxMapLoading\build\win32_vs10\Debug\link.7544.write.1.tlog
C:\work\yam2d_test\Tutorials\4_TmxMapLoading\build\win32_vs10\Debug\link.7544-cvtres.read.1.tlog
C:\work\yam2d_test\Tutorials\4_TmxMapLoading\build\win32_vs10\Debug\link.7544-cvtres.write.1.tlog
C:\work\yam2d_test\Tutorials\4_TmxMapLoading\build\win32_vs10\Debug\link.7548.read.1.tlog
C:\work\yam2d_test\Tutorials\4_TmxMapLoading\build\win32_vs10\Debug\link.7548.write.1.tlog
C:\work\yam2d_test\Tutorials\4_TmxMapLoading\build\win32_vs10\Debug\link.7548-cvtres.read.1.tlog
C:\work\yam2d_test\Tutorials\4_TmxMapLoading\build\win32_vs10\Debug\link.7548-cvtres.write.1.tlog
C:\work\yam2d_test\Tutorials\4_TmxMapLoading\build\win32_vs10\Debug\link.7628.read.1.tlog
C:\work\yam2d_test\Tutorials\4_TmxMapLoading\build\win32_vs10\Debug\link.7628.write.1.tlog
C:\work\yam2d_test\Tutorials\4_TmxMapLoading\build\win32_vs10\Debug\link.7628-cvtres.read.1.tlog
C:\work\yam2d_test\Tutorials\4_TmxMapLoading\build\win32_vs10\Debug\link.7628-cvtres.write.1.tlog
C:\work\yam2d_test\Tutorials\4_TmxMapLoading\build\win32_vs10\Debug\link.7704.read.1.tlog
C:\work\yam2d_test\Tutorials\4_TmxMapLoading\build\win32_vs10\Debug\link.7704.write.1.tlog
C:\work\yam2d_test\Tutorials\4_TmxMapLoading\build\win32_vs10\Debug\link.7704-cvtres.read.1.tlog
C:\work\yam2d_test\Tutorials\4_TmxMapLoading\build\win32_vs10\Debug\link.7704-cvtres.write.1.tlog
C:\work\yam2d_test\Tutorials\4_TmxMapLoading\build\win32_vs10\Debug\link.7896.read.1.tlog
C:\work\yam2d_test\Tutorials\4_TmxMapLoading\build\win32_vs10\Debug\link.7896.write.1.tlog
C:\work\yam2d_test\Tutorials\4_TmxMapLoading\build\win32_vs10\Debug\link.7896-cvtres.read.1.tlog
C:\work\yam2d_test\Tutorials\4_TmxMapLoading\build\win32_vs10\Debug\link.7896-cvtres.write.1.tlog
C:\work\yam2d_test\Tutorials\4_TmxMapLoading\build\win32_vs10\Debug\link.8060.read.1.tlog
C:\work\yam2d_test\Tutorials\4_TmxMapLoading\build\win32_vs10\Debug\link.8060.write.1.tlog
C:\work\yam2d_test\Tutorials\4_TmxMapLoading\build\win32_vs10\Debug\link.8060-cvtres.read.1.tlog
C:\work\yam2d_test\Tutorials\4_TmxMapLoading\build\win32_vs10\Debug\link.8060-cvtres.write.1.tlog
C:\work\yam2d_test\Tutorials\4_TmxMapLoading\build\win32_vs10\Debug\link.8096.read.1.tlog
C:\work\yam2d_test\Tutorials\4_TmxMapLoading\build\win32_vs10\Debug\link.8096.write.1.tlog
C:\work\yam2d_test\Tutorials\4_TmxMapLoading\build\win32_vs10\Debug\link.8096-cvtres.read.1.tlog
C:\work\yam2d_test\Tutorials\4_TmxMapLoading\build\win32_vs10\Debug\link.8096-cvtres.write.1.tlog
C:\work\yam2d_test\Tutorials\4_TmxMapLoading\build\win32_vs10\Debug\link.8284.read.1.tlog
C:\work\yam2d_test\Tutorials\4_TmxMapLoading\build\win32_vs10\Debug\link.8284.write.1.tlog
C:\work\yam2d_test\Tutorials\4_TmxMapLoading\build\win32_vs10\Debug\link.8284-cvtres.read.1.tlog
C:\work\yam2d_test\Tutorials\4_TmxMapLoading\build\win32_vs10\Debug\link.8284-cvtres.write.1.tlog
C:\work\yam2d_test\Tutorials\4_TmxMapLoading\build\win32_vs10\Debug\link.8508.read.1.tlog
C:\work\yam2d_test\Tutorials\4_TmxMapLoading\build\win32_vs10\Debug\link.8508.write.1.tlog
C:\work\yam2d_test\Tutorials\4_TmxMapLoading\build\win32_vs10\Debug\link.8508-cvtres.read.1.tlog
C:\work\yam2d_test\Tutorials\4_TmxMapLoading\build\win32_vs10\Debug\link.8508-cvtres.write.1.tlog
C:\work\yam2d_test\Tutorials\4_TmxMapLoading\build\win32_vs10\Debug\link.8752.read.1.tlog
C:\work\yam2d_test\Tutorials\4_TmxMapLoading\build\win32_vs10\Debug\link.8752.write.1.tlog
C:\work\yam2d_test\Tutorials\4_TmxMapLoading\build\win32_vs10\Debug\link.8752-cvtres.read.1.tlog
C:\work\yam2d_test\Tutorials\4_TmxMapLoading\build\win32_vs10\Debug\link.8752-cvtres.write.1.tlog
C:\work\yam2d_test\Tutorials\4_TmxMapLoading\build\win32_vs10\Debug\link.9104.read.1.tlog
C:\work\yam2d_test\Tutorials\4_TmxMapLoading\build\win32_vs10\Debug\link.9104.write.1.tlog
C:\work\yam2d_test\Tutorials\4_TmxMapLoading\build\win32_vs10\Debug\link.9104-cvtres.read.1.tlog
C:\work\yam2d_test\Tutorials\4_TmxMapLoading\build\win32_vs10\Debug\link.9104-cvtres.write.1.tlog
C:\work\yam2d_test\Tutorials\4_TmxMapLoading\build\win32_vs10\Debug\link.9228.read.1.tlog
C:\work\yam2d_test\Tutorials\4_TmxMapLoading\build\win32_vs10\Debug\link.9228.write.1.tlog
C:\work\yam2d_test\Tutorials\4_TmxMapLoading\build\win32_vs10\Debug\link.9228-cvtres.read.1.tlog
C:\work\yam2d_test\Tutorials\4_TmxMapLoading\build\win32_vs10\Debug\link.9228-cvtres.write.1.tlog
C:\work\yam2d_test\Tutorials\4_TmxMapLoading\build\win32_vs10\Debug\link.9932.read.1.tlog
C:\work\yam2d_test\Tutorials\4_TmxMapLoading\build\win32_vs10\Debug\link.9932.write.1.tlog
C:\work\yam2d_test\Tutorials\4_TmxMapLoading\build\win32_vs10\Debug\link.9932-cvtres.read.1.tlog
C:\work\yam2d_test\Tutorials\4_TmxMapLoading\build\win32_vs10\Debug\link.9932-cvtres.write.1.tlog
C:\work\yam2d_test\Tutorials\4_TmxMapLoading\build\win32_vs10\Debug\link.9972.read.1.tlog
C:\work\yam2d_test\Tutorials\4_TmxMapLoading\build\win32_vs10\Debug\link.9972.write.1.tlog
C:\work\yam2d_test\Tutorials\4_TmxMapLoading\build\win32_vs10\Debug\link.9972-cvtres.read.1.tlog
C:\work\yam2d_test\Tutorials\4_TmxMapLoading\build\win32_vs10\Debug\link.9972-cvtres.write.1.tlog
C:\work\yam2d_test\Tutorials\4_TmxMapLoading\build\win32_vs10\Debug\link.command.1.tlog
C:\work\yam2d_test\Tutorials\4_TmxMapLoading\build\win32_vs10\Debug\link.read.1.tlog
C:\work\yam2d_test\Tutorials\4_TmxMapLoading\build\win32_vs10\Debug\link.write.1.tlog
C:\work\yam2d_test\Tutorials\4_TmxMapLoading\build\win32_vs10\Debug\link-cvtres.read.1.tlog
C:\work\yam2d_test\Tutorials\4_TmxMapLoading\build\win32_vs10\Debug\link-cvtres.write.1.tlog
C:\WORK\YAM2D_TEST\TUTORIALS\4_TMXMAPLOADING\BUILD\WIN32_VS10\DEBUG\MAIN.OBJ
C:\work\yam2d_test\Tutorials\4_TmxMapLoading\build\win32_vs10\Debug\mt.command.1.tlog
C:\work\yam2d_test\Tutorials\4_TmxMapLoading\build\win32_vs10\Debug\mt.read.1.tlog
C:\work\yam2d_test\Tutorials\4_TmxMapLoading\build\win32_vs10\Debug\mt.write.1.tlog
C:\work\yam2d_test\Tutorials\4_TmxMapLoading\build\win32_vs10\Debug\rc.command.1.tlog
C:\work\yam2d_test\Tutorials\4_TmxMapLoading\build\win32_vs10\Debug\rc.read.1.tlog
C:\work\yam2d_test\Tutorials\4_TmxMapLoading\build\win32_vs10\Debug\rc.write.1.tlog
C:\work\yam2d_test\Tutorials\4_TmxMapLoading\build\win32_vs10\Debug\vc100.idb
C:\WORK\YAM2D_TEST\TUTORIALS\4_TMXMAPLOADING\BUILD\WIN32_VS10\DEBUG\VC100.PDB
