Build started 30.5.2013 16:43:35.
     1>Project "C:\work\yam2d_test\Tutorials\4_TmxMapLoading\build\win32_vs10\TmxMapLoading.vcxproj" on node 2 (build target(s)).
     1>InitializeBuildStatus:
         Creating "Debug\4_TmxMapLoading.unsuccessfulbuild" because "AlwaysCreate" was specified.
       ClCompile:
         c:\Program Files (x86)\Microsoft Visual Studio 10.0\VC\bin\CL.exe /c /IC:\work\yam2d_test\Tutorials\4_TmxMapLoading\build\win32_vs10\..\..\include /IC:\work\yam2d_test\\engine\include\ /IC:\work\yam2d_test\\engine\external\ /ZI /nologo /W3 /WX- /Od /Oy- /D WIN32 /D _DEBUG /D _CONSOLE /D _UNICODE /D UNICODE /Gm /EHsc /RTC1 /MDd /GS /fp:precise /Zc:wchar_t /Zc:forScope /Fo"Debug\\" /Fd"Debug\vc100.pdb" /Gd /TP /analyze- /errorReport:prompt ..\..\source\main.cpp
         main.cpp
       ManifestResourceCompile:
         All outputs are up-to-date.
       Link:
         c:\Program Files (x86)\Microsoft Visual Studio 10.0\VC\bin\link.exe /ERRORREPORT:PROMPT /OUT:"C:\work\yam2d_test\Tutorials\4_TmxMapLoading\build\win32_vs10\Debug\4_TmxMapLoading.exe" /INCREMENTAL /NOLOGO /LIBPATH:C:\work\yam2d_test\\engine\lib\win32 libEGL.lib libGLES_cm.lib kernel32.lib user32.lib gdi32.lib winspool.lib comdlg32.lib advapi32.lib shell32.lib ole32.lib oleaut32.lib uuid.lib odbc32.lib odbccp32.lib /MANIFEST /ManifestFile:"Debug\4_TmxMapLoading.exe.intermediate.manifest" /MANIFESTUAC:"level='asInvoker' uiAccess='false'" /DEBUG /PDB:"C:\work\yam2d_test\Tutorials\4_TmxMapLoading\build\win32_vs10\Debug\4_TmxMapLoading.pdb" /SUBSYSTEM:CONSOLE /TLBID:1 /DYNAMICBASE /NXCOMPAT /IMPLIB:"C:\work\yam2d_test\Tutorials\4_TmxMapLoading\build\win32_vs10\Debug\4_TmxMapLoading.lib" /MACHINE:X86 Debug\4_TmxMapLoading.exe.embed.manifest.res
         Debug\main.obj
         C:\work\yam2d_test\engine\lib\win32_vs10\Debug\yam2d.lib
       Manifest:
         C:\Program Files (x86)\Microsoft SDKs\Windows\v7.0A\bin\mt.exe /nologo /verbose /out:"Debug\4_TmxMapLoading.exe.embed.manifest" /manifest Debug\4_TmxMapLoading.exe.intermediate.manifest
         All outputs are up-to-date.
       LinkEmbedManifest:
         All outputs are up-to-date.
         TmxMapLoading.vcxproj -> C:\work\yam2d_test\Tutorials\4_TmxMapLoading\build\win32_vs10\Debug\4_TmxMapLoading.exe
       PostBuildEvent:
         xcopy C:\work\yam2d_test\Tutorials\4_TmxMapLoading\build\win32_vs10\..\..\assets\* C:\work\yam2d_test\Tutorials\4_TmxMapLoading\build\win32_vs10\\*  /Y
         :VCEnd
         C:\work\yam2d_test\Tutorials\4_TmxMapLoading\build\win32_vs10\..\..\assets\area01_level_tiles.png
         C:\work\yam2d_test\Tutorials\4_TmxMapLoading\build\win32_vs10\..\..\assets\CREDITS.txt
         C:\work\yam2d_test\Tutorials\4_TmxMapLoading\build\win32_vs10\..\..\assets\level.tmx
         C:\work\yam2d_test\Tutorials\4_TmxMapLoading\build\win32_vs10\..\..\assets\page_background_1280.png
         C:\work\yam2d_test\Tutorials\4_TmxMapLoading\build\win32_vs10\..\..\assets\tilea2.png
         5 File(s) copied
       FinalizeBuildStatus:
         Deleting file "Debug\4_TmxMapLoading.unsuccessfulbuild".
         Touching "Debug\4_TmxMapLoading.lastbuildstate".
     1>Done Building Project "C:\work\yam2d_test\Tutorials\4_TmxMapLoading\build\win32_vs10\TmxMapLoading.vcxproj" (build target(s)).

Build succeeded.

Time Elapsed 00:00:00.87
